<?xml version="1.0" encoding="UTF-8"?>
<testsuite xmlns:xsi="http://www.w3.org/2001/XMLSchema-instance" xsi:noNamespaceSchemaLocation="https://maven.apache.org/surefire/maven-surefire-plugin/xsd/surefire-test-report.xsd" name="com.hao.weixintest.WeixintestApplicationTests" time="3.451" tests="1" errors="0" skipped="0" failures="0">
  <properties>
    <property name="sun.desktop" value="windows"/>
    <property name="awt.toolkit" value="sun.awt.windows.WToolkit"/>
    <property name="file.encoding.pkg" value="sun.io"/>
    <property name="java.specification.version" value="1.8"/>
    <property name="sun.cpu.isalist" value="amd64"/>
    <property name="sun.jnu.encoding" value="GBK"/>
    <property name="java.class.path" value="E:\weixintest\target\test-classes;E:\weixintest\target\classes;D:\maven\Repositories\org\springframework\boot\spring-boot-starter-web\2.2.2.RELEASE\spring-boot-starter-web-2.2.2.RELEASE.jar;D:\maven\Repositories\org\springframework\boot\spring-boot-starter\2.2.2.RELEASE\spring-boot-starter-2.2.2.RELEASE.jar;D:\maven\Repositories\org\springframework\boot\spring-boot\2.2.2.RELEASE\spring-boot-2.2.2.RELEASE.jar;D:\maven\Repositories\org\springframework\boot\spring-boot-autoconfigure\2.2.2.RELEASE\spring-boot-autoconfigure-2.2.2.RELEASE.jar;D:\maven\Repositories\org\springframework\boot\spring-boot-starter-logging\2.2.2.RELEASE\spring-boot-starter-logging-2.2.2.RELEASE.jar;D:\maven\Repositories\ch\qos\logback\logback-classic\1.2.3\logback-classic-1.2.3.jar;D:\maven\Repositories\ch\qos\logback\logback-core\1.2.3\logback-core-1.2.3.jar;D:\maven\Repositories\org\apache\logging\log4j\log4j-to-slf4j\2.12.1\log4j-to-slf4j-2.12.1.jar;D:\maven\Repositories\org\apache\logging\log4j\log4j-api\2.12.1\log4j-api-2.12.1.jar;D:\maven\Repositories\org\slf4j\jul-to-slf4j\1.7.29\jul-to-slf4j-1.7.29.jar;D:\maven\Repositories\jakarta\annotation\jakarta.annotation-api\1.3.5\jakarta.annotation-api-1.3.5.jar;D:\maven\Repositories\org\yaml\snakeyaml\1.25\snakeyaml-1.25.jar;D:\maven\Repositories\org\springframework\boot\spring-boot-starter-json\2.2.2.RELEASE\spring-boot-starter-json-2.2.2.RELEASE.jar;D:\maven\Repositories\com\fasterxml\jackson\core\jackson-databind\2.10.1\jackson-databind-2.10.1.jar;D:\maven\Repositories\com\fasterxml\jackson\core\jackson-annotations\2.10.1\jackson-annotations-2.10.1.jar;D:\maven\Repositories\com\fasterxml\jackson\core\jackson-core\2.10.1\jackson-core-2.10.1.jar;D:\maven\Repositories\com\fasterxml\jackson\datatype\jackson-datatype-jdk8\2.10.1\jackson-datatype-jdk8-2.10.1.jar;D:\maven\Repositories\com\fasterxml\jackson\datatype\jackson-datatype-jsr310\2.10.1\jackson-datatype-jsr310-2.10.1.jar;D:\maven\Repositories\com\fasterxml\jackson\module\jackson-module-parameter-names\2.10.1\jackson-module-parameter-names-2.10.1.jar;D:\maven\Repositories\org\springframework\boot\spring-boot-starter-tomcat\2.2.2.RELEASE\spring-boot-starter-tomcat-2.2.2.RELEASE.jar;D:\maven\Repositories\org\apache\tomcat\embed\tomcat-embed-core\9.0.29\tomcat-embed-core-9.0.29.jar;D:\maven\Repositories\org\apache\tomcat\embed\tomcat-embed-el\9.0.29\tomcat-embed-el-9.0.29.jar;D:\maven\Repositories\org\apache\tomcat\embed\tomcat-embed-websocket\9.0.29\tomcat-embed-websocket-9.0.29.jar;D:\maven\Repositories\org\springframework\boot\spring-boot-starter-validation\2.2.2.RELEASE\spring-boot-starter-validation-2.2.2.RELEASE.jar;D:\maven\Repositories\jakarta\validation\jakarta.validation-api\2.0.1\jakarta.validation-api-2.0.1.jar;D:\maven\Repositories\org\hibernate\validator\hibernate-validator\6.0.18.Final\hibernate-validator-6.0.18.Final.jar;D:\maven\Repositories\org\jboss\logging\jboss-logging\3.4.1.Final\jboss-logging-3.4.1.Final.jar;D:\maven\Repositories\com\fasterxml\classmate\1.5.1\classmate-1.5.1.jar;D:\maven\Repositories\org\springframework\spring-web\5.2.2.RELEASE\spring-web-5.2.2.RELEASE.jar;D:\maven\Repositories\org\springframework\spring-beans\5.2.2.RELEASE\spring-beans-5.2.2.RELEASE.jar;D:\maven\Repositories\org\springframework\spring-webmvc\5.2.2.RELEASE\spring-webmvc-5.2.2.RELEASE.jar;D:\maven\Repositories\org\springframework\spring-aop\5.2.2.RELEASE\spring-aop-5.2.2.RELEASE.jar;D:\maven\Repositories\org\springframework\spring-context\5.2.2.RELEASE\spring-context-5.2.2.RELEASE.jar;D:\maven\Repositories\org\springframework\spring-expression\5.2.2.RELEASE\spring-expression-5.2.2.RELEASE.jar;D:\maven\Repositories\org\springframework\boot\spring-boot-starter-test\2.2.2.RELEASE\spring-boot-starter-test-2.2.2.RELEASE.jar;D:\maven\Repositories\org\springframework\boot\spring-boot-test\2.2.2.RELEASE\spring-boot-test-2.2.2.RELEASE.jar;D:\maven\Repositories\org\springframework\boot\spring-boot-test-autoconfigure\2.2.2.RELEASE\spring-boot-test-autoconfigure-2.2.2.RELEASE.jar;D:\maven\Repositories\com\jayway\jsonpath\json-path\2.4.0\json-path-2.4.0.jar;D:\maven\Repositories\net\minidev\json-smart\2.3\json-smart-2.3.jar;D:\maven\Repositories\net\minidev\accessors-smart\1.2\accessors-smart-1.2.jar;D:\maven\Repositories\org\ow2\asm\asm\5.0.4\asm-5.0.4.jar;D:\maven\Repositories\org\slf4j\slf4j-api\1.7.29\slf4j-api-1.7.29.jar;D:\maven\Repositories\jakarta\xml\bind\jakarta.xml.bind-api\2.3.2\jakarta.xml.bind-api-2.3.2.jar;D:\maven\Repositories\jakarta\activation\jakarta.activation-api\1.2.1\jakarta.activation-api-1.2.1.jar;D:\maven\Repositories\org\junit\jupiter\junit-jupiter\5.5.2\junit-jupiter-5.5.2.jar;D:\maven\Repositories\org\junit\jupiter\junit-jupiter-api\5.5.2\junit-jupiter-api-5.5.2.jar;D:\maven\Repositories\org\apiguardian\apiguardian-api\1.1.0\apiguardian-api-1.1.0.jar;D:\maven\Repositories\org\opentest4j\opentest4j\1.2.0\opentest4j-1.2.0.jar;D:\maven\Repositories\org\junit\platform\junit-platform-commons\1.5.2\junit-platform-commons-1.5.2.jar;D:\maven\Repositories\org\junit\jupiter\junit-jupiter-params\5.5.2\junit-jupiter-params-5.5.2.jar;D:\maven\Repositories\org\junit\jupiter\junit-jupiter-engine\5.5.2\junit-jupiter-engine-5.5.2.jar;D:\maven\Repositories\org\junit\platform\junit-platform-engine\1.5.2\junit-platform-engine-1.5.2.jar;D:\maven\Repositories\org\mockito\mockito-junit-jupiter\3.1.0\mockito-junit-jupiter-3.1.0.jar;D:\maven\Repositories\org\assertj\assertj-core\3.13.2\assertj-core-3.13.2.jar;D:\maven\Repositories\org\hamcrest\hamcrest\2.1\hamcrest-2.1.jar;D:\maven\Repositories\org\mockito\mockito-core\3.1.0\mockito-core-3.1.0.jar;D:\maven\Repositories\net\bytebuddy\byte-buddy\1.10.4\byte-buddy-1.10.4.jar;D:\maven\Repositories\net\bytebuddy\byte-buddy-agent\1.10.4\byte-buddy-agent-1.10.4.jar;D:\maven\Repositories\org\objenesis\objenesis\2.6\objenesis-2.6.jar;D:\maven\Repositories\org\skyscreamer\jsonassert\1.5.0\jsonassert-1.5.0.jar;D:\maven\Repositories\com\vaadin\external\google\android-json\0.0.20131108.vaadin1\android-json-0.0.20131108.vaadin1.jar;D:\maven\Repositories\org\springframework\spring-core\5.2.2.RELEASE\spring-core-5.2.2.RELEASE.jar;D:\maven\Repositories\org\springframework\spring-jcl\5.2.2.RELEASE\spring-jcl-5.2.2.RELEASE.jar;D:\maven\Repositories\org\springframework\spring-test\5.2.2.RELEASE\spring-test-5.2.2.RELEASE.jar;D:\maven\Repositories\org\xmlunit\xmlunit-core\2.6.3\xmlunit-core-2.6.3.jar;D:\maven\Repositories\com\alibaba\fastjson\1.2.41\fastjson-1.2.41.jar;"/>
    <property name="java.vm.vendor" value="Oracle Corporation"/>
    <property name="sun.arch.data.model" value="64"/>
    <property name="user.variant" value=""/>
    <property name="java.vendor.url" value="http://java.oracle.com/"/>
    <property name="user.timezone" value="Asia/Shanghai"/>
    <property name="java.vm.specification.version" value="1.8"/>
    <property name="os.name" value="Windows 7"/>
    <property name="user.country" value="CN"/>
    <property name="sun.java.launcher" value="SUN_STANDARD"/>
    <property name="sun.boot.library.path" value="D:\JDK\jre\bin"/>
    <property name="sun.java.command" value="C:\Users\ADMINI~1\AppData\Local\Temp\surefire2158463759584837500\surefirebooter5449946994168823101.jar C:\Users\Administrator\AppData\Local\Temp\surefire2158463759584837500 2019-12-25T15-25-53_248-jvmRun1 surefire7276245381886648768tmp surefire_0836281402507156333tmp"/>
    <property name="surefire.test.class.path" value="E:\weixintest\target\test-classes;E:\weixintest\target\classes;D:\maven\Repositories\org\springframework\boot\spring-boot-starter-web\2.2.2.RELEASE\spring-boot-starter-web-2.2.2.RELEASE.jar;D:\maven\Repositories\org\springframework\boot\spring-boot-starter\2.2.2.RELEASE\spring-boot-starter-2.2.2.RELEASE.jar;D:\maven\Repositories\org\springframework\boot\spring-boot\2.2.2.RELEASE\spring-boot-2.2.2.RELEASE.jar;D:\maven\Repositories\org\springframework\boot\spring-boot-autoconfigure\2.2.2.RELEASE\spring-boot-autoconfigure-2.2.2.RELEASE.jar;D:\maven\Repositories\org\springframework\boot\spring-boot-starter-logging\2.2.2.RELEASE\spring-boot-starter-logging-2.2.2.RELEASE.jar;D:\maven\Repositories\ch\qos\logback\logback-classic\1.2.3\logback-classic-1.2.3.jar;D:\maven\Repositories\ch\qos\logback\logback-core\1.2.3\logback-core-1.2.3.jar;D:\maven\Repositories\org\apache\logging\log4j\log4j-to-slf4j\2.12.1\log4j-to-slf4j-2.12.1.jar;D:\maven\Repositories\org\apache\logging\log4j\log4j-api\2.12.1\log4j-api-2.12.1.jar;D:\maven\Repositories\org\slf4j\jul-to-slf4j\1.7.29\jul-to-slf4j-1.7.29.jar;D:\maven\Repositories\jakarta\annotation\jakarta.annotation-api\1.3.5\jakarta.annotation-api-1.3.5.jar;D:\maven\Repositories\org\yaml\snakeyaml\1.25\snakeyaml-1.25.jar;D:\maven\Repositories\org\springframework\boot\spring-boot-starter-json\2.2.2.RELEASE\spring-boot-starter-json-2.2.2.RELEASE.jar;D:\maven\Repositories\com\fasterxml\jackson\core\jackson-databind\2.10.1\jackson-databind-2.10.1.jar;D:\maven\Repositories\com\fasterxml\jackson\core\jackson-annotations\2.10.1\jackson-annotations-2.10.1.jar;D:\maven\Repositories\com\fasterxml\jackson\core\jackson-core\2.10.1\jackson-core-2.10.1.jar;D:\maven\Repositories\com\fasterxml\jackson\datatype\jackson-datatype-jdk8\2.10.1\jackson-datatype-jdk8-2.10.1.jar;D:\maven\Repositories\com\fasterxml\jackson\datatype\jackson-datatype-jsr310\2.10.1\jackson-datatype-jsr310-2.10.1.jar;D:\maven\Repositories\com\fasterxml\jackson\module\jackson-module-parameter-names\2.10.1\jackson-module-parameter-names-2.10.1.jar;D:\maven\Repositories\org\springframework\boot\spring-boot-starter-tomcat\2.2.2.RELEASE\spring-boot-starter-tomcat-2.2.2.RELEASE.jar;D:\maven\Repositories\org\apache\tomcat\embed\tomcat-embed-core\9.0.29\tomcat-embed-core-9.0.29.jar;D:\maven\Repositories\org\apache\tomcat\embed\tomcat-embed-el\9.0.29\tomcat-embed-el-9.0.29.jar;D:\maven\Repositories\org\apache\tomcat\embed\tomcat-embed-websocket\9.0.29\tomcat-embed-websocket-9.0.29.jar;D:\maven\Repositories\org\springframework\boot\spring-boot-starter-validation\2.2.2.RELEASE\spring-boot-starter-validation-2.2.2.RELEASE.jar;D:\maven\Repositories\jakarta\validation\jakarta.validation-api\2.0.1\jakarta.validation-api-2.0.1.jar;D:\maven\Repositories\org\hibernate\validator\hibernate-validator\6.0.18.Final\hibernate-validator-6.0.18.Final.jar;D:\maven\Repositories\org\jboss\logging\jboss-logging\3.4.1.Final\jboss-logging-3.4.1.Final.jar;D:\maven\Repositories\com\fasterxml\classmate\1.5.1\classmate-1.5.1.jar;D:\maven\Repositories\org\springframework\spring-web\5.2.2.RELEASE\spring-web-5.2.2.RELEASE.jar;D:\maven\Repositories\org\springframework\spring-beans\5.2.2.RELEASE\spring-beans-5.2.2.RELEASE.jar;D:\maven\Repositories\org\springframework\spring-webmvc\5.2.2.RELEASE\spring-webmvc-5.2.2.RELEASE.jar;D:\maven\Repositories\org\springframework\spring-aop\5.2.2.RELEASE\spring-aop-5.2.2.RELEASE.jar;D:\maven\Repositories\org\springframework\spring-context\5.2.2.RELEASE\spring-context-5.2.2.RELEASE.jar;D:\maven\Repositories\org\springframework\spring-expression\5.2.2.RELEASE\spring-expression-5.2.2.RELEASE.jar;D:\maven\Repositories\org\springframework\boot\spring-boot-starter-test\2.2.2.RELEASE\spring-boot-starter-test-2.2.2.RELEASE.jar;D:\maven\Repositories\org\springframework\boot\spring-boot-test\2.2.2.RELEASE\spring-boot-test-2.2.2.RELEASE.jar;D:\maven\Repositories\org\springframework\boot\spring-boot-test-autoconfigure\2.2.2.RELEASE\spring-boot-test-autoconfigure-2.2.2.RELEASE.jar;D:\maven\Repositories\com\jayway\jsonpath\json-path\2.4.0\json-path-2.4.0.jar;D:\maven\Repositories\net\minidev\json-smart\2.3\json-smart-2.3.jar;D:\maven\Repositories\net\minidev\accessors-smart\1.2\accessors-smart-1.2.jar;D:\maven\Repositories\org\ow2\asm\asm\5.0.4\asm-5.0.4.jar;D:\maven\Repositories\org\slf4j\slf4j-api\1.7.29\slf4j-api-1.7.29.jar;D:\maven\Repositories\jakarta\xml\bind\jakarta.xml.bind-api\2.3.2\jakarta.xml.bind-api-2.3.2.jar;D:\maven\Repositories\jakarta\activation\jakarta.activation-api\1.2.1\jakarta.activation-api-1.2.1.jar;D:\maven\Repositories\org\junit\jupiter\junit-jupiter\5.5.2\junit-jupiter-5.5.2.jar;D:\maven\Repositories\org\junit\jupiter\junit-jupiter-api\5.5.2\junit-jupiter-api-5.5.2.jar;D:\maven\Repositories\org\apiguardian\apiguardian-api\1.1.0\apiguardian-api-1.1.0.jar;D:\maven\Repositories\org\opentest4j\opentest4j\1.2.0\opentest4j-1.2.0.jar;D:\maven\Repositories\org\junit\platform\junit-platform-commons\1.5.2\junit-platform-commons-1.5.2.jar;D:\maven\Repositories\org\junit\jupiter\junit-jupiter-params\5.5.2\junit-jupiter-params-5.5.2.jar;D:\maven\Repositories\org\junit\jupiter\junit-jupiter-engine\5.5.2\junit-jupiter-engine-5.5.2.jar;D:\maven\Repositories\org\junit\platform\junit-platform-engine\1.5.2\junit-platform-engine-1.5.2.jar;D:\maven\Repositories\org\mockito\mockito-junit-jupiter\3.1.0\mockito-junit-jupiter-3.1.0.jar;D:\maven\Repositories\org\assertj\assertj-core\3.13.2\assertj-core-3.13.2.jar;D:\maven\Repositories\org\hamcrest\hamcrest\2.1\hamcrest-2.1.jar;D:\maven\Repositories\org\mockito\mockito-core\3.1.0\mockito-core-3.1.0.jar;D:\maven\Repositories\net\bytebuddy\byte-buddy\1.10.4\byte-buddy-1.10.4.jar;D:\maven\Repositories\net\bytebuddy\byte-buddy-agent\1.10.4\byte-buddy-agent-1.10.4.jar;D:\maven\Repositories\org\objenesis\objenesis\2.6\objenesis-2.6.jar;D:\maven\Repositories\org\skyscreamer\jsonassert\1.5.0\jsonassert-1.5.0.jar;D:\maven\Repositories\com\vaadin\external\google\android-json\0.0.20131108.vaadin1\android-json-0.0.20131108.vaadin1.jar;D:\maven\Repositories\org\springframework\spring-core\5.2.2.RELEASE\spring-core-5.2.2.RELEASE.jar;D:\maven\Repositories\org\springframework\spring-jcl\5.2.2.RELEASE\spring-jcl-5.2.2.RELEASE.jar;D:\maven\Repositories\org\springframework\spring-test\5.2.2.RELEASE\spring-test-5.2.2.RELEASE.jar;D:\maven\Repositories\org\xmlunit\xmlunit-core\2.6.3\xmlunit-core-2.6.3.jar;D:\maven\Repositories\com\alibaba\fastjson\1.2.41\fastjson-1.2.41.jar;"/>
    <property name="sun.cpu.endian" value="little"/>
    <property name="user.home" value="C:\Users\Administrator"/>
    <property name="user.language" value="zh"/>
    <property name="java.specification.vendor" value="Oracle Corporation"/>
    <property name="java.home" value="D:\JDK\jre"/>
    <property name="basedir" value="E:\weixintest"/>
    <property name="file.separator" value="\"/>
    <property name="line.separator" value="&#10;"/>
    <property name="java.vm.specification.vendor" value="Oracle Corporation"/>
    <property name="java.specification.name" value="Java Platform API Specification"/>
    <property name="java.awt.graphicsenv" value="sun.awt.Win32GraphicsEnvironment"/>
    <property name="surefire.real.class.path" value="C:\Users\ADMINI~1\AppData\Local\Temp\surefire2158463759584837500\surefirebooter5449946994168823101.jar"/>
    <property name="sun.boot.class.path" value="D:\JDK\jre\lib\resources.jar;D:\JDK\jre\lib\rt.jar;D:\JDK\jre\lib\sunrsasign.jar;D:\JDK\jre\lib\jsse.jar;D:\JDK\jre\lib\jce.jar;D:\JDK\jre\lib\charsets.jar;D:\JDK\jre\lib\jfr.jar;D:\JDK\jre\classes"/>
    <property name="user.script" value=""/>
    <property name="sun.management.compiler" value="HotSpot 64-Bit Tiered Compilers"/>
    <property name="java.runtime.version" value="1.8.0_202-b08"/>
    <property name="user.name" value="Administrator"/>
    <property name="path.separator" value=";"/>
    <property name="os.version" value="6.1"/>
    <property name="java.endorsed.dirs" value="D:\JDK\jre\lib\endorsed"/>
    <property name="java.runtime.name" value="Java(TM) SE Runtime Environment"/>
    <property name="file.encoding" value="GBK"/>
    <property name="java.vm.name" value="Java HotSpot(TM) 64-Bit Server VM"/>
    <property name="localRepository" value="D:\maven\Repositories"/>
    <property name="java.vendor.url.bug" value="http://bugreport.sun.com/bugreport/"/>
    <property name="java.io.tmpdir" value="C:\Users\ADMINI~1\AppData\Local\Temp\"/>
    <property name="java.version" value="1.8.0_202"/>
    <property name="user.dir" value="E:\weixintest"/>
    <property name="os.arch" value="amd64"/>
    <property name="java.vm.specification.name" value="Java Virtual Machine Specification"/>
    <property name="java.awt.printerjob" value="sun.awt.windows.WPrinterJob"/>
    <property name="sun.os.patch.level" value="Service Pack 1"/>
    <property name="idea.version2019.1.1" value="true"/>
    <property name="java.library.path" value="D:\JDK\jre\bin;C:\windows\Sun\Java\bin;C:\windows\system32;C:\windows;C:\windows\system32;C:\windows;C:\windows\System32\Wbem;C:\windows\System32\WindowsPowerShell\v1.0\;C:\Program Files\Intel\WiFi\bin\;C:\Program Files\Common Files\Intel\WirelessCommon\;D:\SVN\bin;C:\Program Files\TortoiseGit\bin;D:\JDK\bin;D:\MySQL5.6\bin;D:\maven\apache-maven-3.2.2\bin;C:\Program Files\Intel\WiFi\bin\;C:\Program Files\Common Files\Intel\WirelessCommon\;."/>
    <property name="java.vm.info" value="mixed mode"/>
    <property name="java.vendor" value="Oracle Corporation"/>
    <property name="java.vm.version" value="25.202-b08"/>
    <property name="java.ext.dirs" value="D:\JDK\jre\lib\ext;C:\windows\Sun\Java\lib\ext"/>
    <property name="sun.io.unicode.encoding" value="UnicodeLittle"/>
    <property name="java.class.version" value="52.0"/>
  </properties>
  <testcase name="contextLoads" classname="com.hao.weixintest.WeixintestApplicationTests" time="0.153"/>
</testsuite>